
=== Fri Jan  3 19:31:49 2025

Packages were changed.
Update Mode: mergeDefaultDependencies

The following packages were added:
  com.unity.modules.ai@1.0.0
  com.unity.modules.androidjni@1.0.0
  com.unity.modules.animation@1.0.0
  com.unity.modules.assetbundle@1.0.0
  com.unity.modules.audio@1.0.0
  com.unity.modules.cloth@1.0.0
  com.unity.modules.director@1.0.0
  com.unity.modules.imageconversion@1.0.0
  com.unity.modules.imgui@1.0.0
  com.unity.modules.jsonserialize@1.0.0
  com.unity.modules.particlesystem@1.0.0
  com.unity.modules.physics@1.0.0
  com.unity.modules.physics2d@1.0.0
  com.unity.modules.screencapture@1.0.0
  com.unity.modules.terrain@1.0.0
  com.unity.modules.terrainphysics@1.0.0
  com.unity.modules.tilemap@1.0.0
  com.unity.modules.ui@1.0.0
  com.unity.modules.uielements@1.0.0
  com.unity.modules.umbra@1.0.0
  com.unity.modules.unityanalytics@1.0.0
  com.unity.modules.unitywebrequest@1.0.0
  com.unity.modules.unitywebrequestassetbundle@1.0.0
  com.unity.modules.unitywebrequestaudio@1.0.0
  com.unity.modules.unitywebrequesttexture@1.0.0
  com.unity.modules.unitywebrequestwww@1.0.0
  com.unity.modules.vehicles@1.0.0
  com.unity.modules.video@1.0.0
  com.unity.modules.vr@1.0.0
  com.unity.modules.wind@1.0.0
  com.unity.modules.xr@1.0.0
  com.unity.modules.accessibility@1.0.0
The following packages were updated:
  com.unity.collab-proxy from version 2.2.0 to 2.3.1
  com.unity.ide.rider from version 3.0.27 to 3.0.28
  com.unity.render-pipelines.universal from version 16.0.5 to 16.0.6

=== Sat Jan  4 17:23:08 2025

Packages were changed.
Update Mode: updateDependencies

The following packages were updated:
  com.unity.nuget.newtonsoft-json from version 3.0.2 to 3.2.1

=== Sat Jan  4 17:23:09 2025

Packages were changed.
Update Mode: mergeDefaultDependencies

The following packages were added:
  com.unity.nuget.newtonsoft-json@3.2.1

=== Sat Jan 11 01:49:52 2025

Packages were changed.
Update Mode: updateDependencies

The following packages were updated:
  com.unity.render-pipelines.core from version 14.0.10 to 16.0.6
  com.unity.render-pipelines.universal from version 14.0.10 to 16.0.6
  com.unity.shadergraph from version 14.0.10 to 16.0.6
The following packages were removed:
  com.unity.textmeshpro@3.0.6

=== Sat Jan 11 01:49:52 2025

Packages were changed.
Update Mode: mergeDefaultDependencies

The following packages were added:
  com.unity.mathematics@1.2.6
  com.unity.render-pipelines.core@16.0.6
  com.unity.render-pipelines.universal-config@14.0.9
  com.unity.shadergraph@16.0.6
The following packages were updated:
  com.unity.visualscripting from version 1.8.0 to 1.9.4
